2025-01-30 10:54:47,589 - services.revision_service - INFO - 
        Iniciando inserção de revisão via API:
        - ID Proposta: 66acbbe6-aebf-4654-b157-acb32d2ad757
        - Valor: 0
        - Número Revisão: 1
        - Word Path: Proposta Blutrafos nº BT 80002-Rev01.docx
        - PDF Path: Resumo_Proposta_BT_80002-Rev01_EXTRATO.pdf
        - Escopo: 1,500 MVA
        
2025-01-30 10:54:47,592 - services.revision_service - ERROR - Erro inesperado ao criar revisão: name 'st' is not defined
2025-01-30 11:04:31,977 - googlemaps.client - INFO - API queries_quota: 60
2025-01-30 11:04:35,616 - services.revision_service - INFO - 
        Iniciando inserção de revisão via API:
        - ID Proposta: 66acbbe6-aebf-4654-b157-acb32d2ad757
        - Valor: 0
        - Número Revisão: 1
        - Word Path: Proposta Blutrafos nº BT 80002-Rev01.docx
        - PDF Path: Resumo_Proposta_BT_80002-Rev01_EXTRATO.pdf
        - Escopo: 1,500 MVA
        
2025-01-30 11:04:35,616 - services.revision_service - ERROR - Erro inesperado ao criar revisão: name 'Decimal' is not defined
2025-01-30 11:05:15,847 - googlemaps.client - INFO - API queries_quota: 60
2025-01-30 11:05:18,637 - services.revision_service - INFO - 
        Iniciando inserção de revisão via API:
        - ID Proposta: 66acbbe6-aebf-4654-b157-acb32d2ad757
        - Valor: 0
        - Número Revisão: 1
        - Word Path: Proposta Blutrafos nº BT 80002-Rev01.docx
        - PDF Path: Resumo_Proposta_BT_80002-Rev01_EXTRATO.pdf
        - Escopo: 1,500 MVA
        
2025-01-30 11:05:18,638 - services.revision_service - ERROR - Erro inesperado ao criar revisão: [Errno 2] No such file or directory: 'Proposta Blutrafos nº BT 80002-Rev01.docx'
2025-01-30 11:06:48,462 - googlemaps.client - INFO - API queries_quota: 60
2025-01-30 11:06:51,303 - services.revision_service - INFO - 
        Iniciando inserção de revisão via API:
        - ID Proposta: 66acbbe6-aebf-4654-b157-acb32d2ad757
        - Valor: 0
        - Número Revisão: 1
        - Escopo: 1,500 MVA
        
2025-01-30 11:06:51,305 - services.revision_service - ERROR - Erro inesperado ao criar revisão: 'int' object has no attribute 'encode'
2025-01-30 11:07:41,625 - googlemaps.client - INFO - API queries_quota: 60
2025-01-30 11:07:44,551 - services.revision_service - INFO - 
        Iniciando inserção de revisão via API:
        - ID Proposta: 66acbbe6-aebf-4654-b157-acb32d2ad757
        - Valor: 0
        - Número Revisão: 1
        - Escopo: 1,500 MVA
        
2025-01-30 11:07:48,606 - services.revision_service - ERROR - Erro ao criar revisão via API: HTTPConnectionPool(host='localhost', port=8000): Max retries exceeded with url: /api/revisoes/criar/ (Caused by NewConnectionError('<urllib3.connection.HTTPConnection object at 0x0000029BC3400680>: Failed to establish a new connection: [WinError 10061] Nenhuma conexão pôde ser feita porque a máquina de destino as recusou ativamente'))
2025-01-30 11:09:28,059 - services.revision_service - INFO - 
        Iniciando inserção de revisão via API:
        - ID Proposta: 66acbbe6-aebf-4654-b157-acb32d2ad757
        - Valor: 0
        - Número Revisão: 1
        - Escopo: 1,500 MVA
        
2025-01-30 11:09:30,105 - services.revision_service - ERROR - Erro ao criar revisão via API: 403 Client Error: Forbidden for url: http://localhost:8000/api/revisoes/criar/
2025-01-30 11:11:13,241 - services.revision_service - INFO - 
        Iniciando inserção de revisão via API:
        - ID Proposta: 66acbbe6-aebf-4654-b157-acb32d2ad757
        - Valor: 0
        - Número Revisão: 1
        - Escopo: 1,500 MVA
        
2025-01-30 11:11:15,291 - services.revision_service - ERROR - Erro ao criar revisão via API: 403 Client Error: Forbidden for url: http://localhost:8000/api/revisoes/criar/
2025-01-30 11:12:45,359 - googlemaps.client - INFO - API queries_quota: 60
2025-01-30 11:12:48,311 - services.revision_service - INFO - 
        Iniciando inserção de revisão via API:
        - ID Proposta: 66acbbe6-aebf-4654-b157-acb32d2ad757
        - Valor: 0
        - Número Revisão: 1
        - Escopo: 1,500 MVA
        
2025-01-30 11:12:48,315 - services.revision_service - INFO - Dados do formulário: {'id_proposta': '66acbbe6-aebf-4654-b157-acb32d2ad757', 'revisao': '1', 'valor': '0', 'escopo': '1,500 MVA', 'tipo': '', 'conteudo': '{"configuracoes_itens": {}, "impostos": {"lucro": 5.0, "icms": 12.0, "frete": 0.0, "comissao": 5.0, "contribuinte_icms": "Sim", "difal": 0.0, "f_pobreza": 0.0, "tipo_frete": "CIF", "local_entrega": "S\\u00e3o Paulo/SP"}, "itens_configurados_mt": [{"ID": null, "IP": "00", "Rele": "Nenhum", "Taps": null, "preco": 88304.41742770435, "Perdas": "1,0 %", "Ensaios": {"Flange": 0, "Elev. Temperat.": false, "N\\u00edvel de Ru\\u00eddo": false}, "Fator K": 1, "Produto": "", "p_caixa": 0.0, "p_trafo": 0.0, "Conector": "Nenhum", "Material": null, "cod_proj": null, "Pot\\u00eancia": 1500.0, "cod_caixa": null, "Quantidade": 1, "acessorios": [], "Descri\\u00e7\\u00e3o": "Transformador Trif\\u00e1sico 1500 kVA,36 kV,perdas 1,0 %", "Deriva\\u00e7\\u00f5es": "+/- 2x2,5%", "Pre\\u00e7o Total": 181687.0, "taps_tensoes": null, "classe_tensao": "36 kV", "valor_ip_alto": 13456.6916899853, "cod_proj_caixa": "0013.0643.000", "cod_proj_custo": "6000.0534/00", "valor_ip_baixo": 3448.3558421005037, "Frequencia 50Hz": false, "Sensor PT - 100": 0, "Pre\\u00e7o Unit\\u00e1rio": 181687.0, "Tens\\u00e3o Prim\\u00e1ria": "34,5", "Tens\\u00e3o Secund\\u00e1ria": "380", "Blindagem Eletrost\\u00e1tica": false}], "itens_configurados_bt": [], "dados_iniciais": {"bt": "80002", "ano": "2025", "dia": "30", "mes": "Janeiro", "rev": "01", "fone": "(38) 98827-6452", "obra": "N/A", "email": "eric.martins234@hotmail.com", "cliente": "testeunificacao", "comentario": "", "id_proposta": "66acbbe6-aebf-4654-b157-acb32d2ad757", "local_frete": "Abadia de Goi\\u00e1s/GO", "nomeCliente": "eric"}}'}
2025-01-30 11:12:48,315 - services.revision_service - INFO - Headers da requisição: {'Content-Type': 'multipart/form-data; boundary=965444f65f10404faa79c4985228ffa7', 'Accept': 'application/json'}
2025-01-30 11:12:50,372 - services.revision_service - INFO - Status code da resposta: 403
2025-01-30 11:12:50,372 - services.revision_service - INFO - Headers da resposta: {'Date': 'Thu, 30 Jan 2025 14:12:50 GMT', 'Server': 'WSGIServer/0.2 CPython/3.12.0', 'Content-Type': 'text/html; charset=utf-8', 'X-Frame-Options': 'DENY', 'Content-Length': '2901', 'Vary': 'Cookie, origin', 'X-Content-Type-Options': 'nosniff', 'Referrer-Policy': 'same-origin', 'Cross-Origin-Opener-Policy': 'same-origin'}
2025-01-30 11:12:50,375 - services.revision_service - INFO - Conteúdo da resposta: <!DOCTYPE html>
<html lang="en">
<head>
  <meta http-equiv="content-type" content="text/html; charset=utf-8">
  <meta name="robots" content="NONE,NOARCHIVE">
  <title>403 Forbidden</title>
  <style>
    html * { padding:0; margin:0; }
    body * { padding:10px 20px; }
    body * * { padding:0; }
    body { font-family: sans-serif; background:#eee; color:#000; }
    body>div { border-bottom:1px solid #ddd; }
    h1 { font-weight:normal; margin-bottom:.4em; }
    h1 span { font-size:60%; color:#666; font-weight:normal; }
    #info { background:#f6f6f6; }
    #info ul { margin: 0.5em 4em; }
    #info p, #summary p { padding-top:10px; }
    #summary { background: #ffc; }
    #explanation { background:#eee; border-bottom: 0px none; }
  </style>
</head>
<body>
<div id="summary">
  <h1>Proibido <span>(403)</span></h1>
  <p>Verificação CSRF falhou. Pedido cancelado.</p>


  <p>Você está vendo esta mensagem, porque este site requer um cookie CSRF no envio de formulários. Este cookie é necessário por razões de segurança, para garantir que o seu browser não está sendo sequestrado por terceiros.</p>
  <p>Se você configurou seu browser para desabilitar cookies, por favor reabilite-os, ao menos para este site ou para requisições do tipo &quot;same-origin&quot;.</p>

</div>

<div id="info">
  <h2>Help</h2>
    
    <p>Reason given for failure:</p>
    <pre>
    CSRF cookie not set.
    </pre>
    

  <p>In general, this can occur when there is a genuine Cross Site Request Forgery, or when
  <a
  href="https://docs.djangoproject.com/en/5.1/ref/csrf/">Django’s
  CSRF mechanism</a> has not been used correctly.  For POST forms, you need to
  ensure:</p>

  <ul>
    <li>Your browser is accepting cookies.</li>

    <li>The view function passes a <code>request</code> to the template’s <a
    href="https://docs.djangoproject.com/en/5.1/topics/templates/#django.template.backends.base.Template.render"><code>render</code></a>
    method.</li>

    <li>In the template, there is a <code>{% csrf_token
    %}</code> template tag inside each POST form that
    targets an internal URL.</li>

    <li>If you are not using <code>CsrfViewMiddleware</code>, then you must use
    <code>csrf_protect</code> on any views that use the <code>csrf_token</code>
    template tag, as well as those that accept the POST data.</li>

    <li>The form has a valid CSRF token. After logging in in another browser
    tab or hitting the back button after a login, you may need to reload the
    page with the form, because the token is rotated after a login.</li>
  </ul>

  <p>You’re seeing the help section of this page because you have <code>DEBUG =
  True</code> in your Django settings file. Change that to <code>False</code>,
  and only the initial error message will be displayed.  </p>

  <p>You can customize this page using the CSRF_FAILURE_VIEW setting.</p>
</div>

</body>
</html>

2025-01-30 11:12:50,381 - services.revision_service - ERROR - Erro ao criar revisão via API: 403 Client Error: Forbidden for url: http://localhost:8000/api/revisoes/criar/
2025-01-30 11:13:44,676 - services.revision_service - INFO - 
        Iniciando inserção de revisão via API:
        - ID Proposta: 66acbbe6-aebf-4654-b157-acb32d2ad757
        - Valor: 0
        - Número Revisão: 1
        - Escopo: 1,500 MVA
        
2025-01-30 11:13:44,676 - services.revision_service - INFO - Dados do formulário: {'id_proposta': '66acbbe6-aebf-4654-b157-acb32d2ad757', 'revisao': '1', 'valor': '0', 'escopo': '1,500 MVA', 'tipo': '', 'conteudo': '{"configuracoes_itens": {}, "impostos": {"lucro": 5.0, "icms": 12.0, "frete": 0.0, "comissao": 5.0, "contribuinte_icms": "Sim", "difal": 0.0, "f_pobreza": 0.0, "tipo_frete": "CIF", "local_entrega": "S\\u00e3o Paulo/SP"}, "itens_configurados_mt": [{"ID": null, "IP": "00", "Rele": "Nenhum", "Taps": null, "preco": 88304.41742770435, "Perdas": "1,0 %", "Ensaios": {"Flange": 0, "Elev. Temperat.": false, "N\\u00edvel de Ru\\u00eddo": false}, "Fator K": 1, "Produto": "", "p_caixa": 0.0, "p_trafo": 0.0, "Conector": "Nenhum", "Material": null, "cod_proj": null, "Pot\\u00eancia": 1500.0, "cod_caixa": null, "Quantidade": 1, "acessorios": [], "Descri\\u00e7\\u00e3o": "Transformador Trif\\u00e1sico 1500 kVA,36 kV,perdas 1,0 %", "Deriva\\u00e7\\u00f5es": "+/- 2x2,5%", "Pre\\u00e7o Total": 181687.0, "taps_tensoes": null, "classe_tensao": "36 kV", "valor_ip_alto": 13456.6916899853, "cod_proj_caixa": "0013.0643.000", "cod_proj_custo": "6000.0534/00", "valor_ip_baixo": 3448.3558421005037, "Frequencia 50Hz": false, "Sensor PT - 100": 0, "Pre\\u00e7o Unit\\u00e1rio": 181687.0, "Tens\\u00e3o Prim\\u00e1ria": "34,5", "Tens\\u00e3o Secund\\u00e1ria": "380", "Blindagem Eletrost\\u00e1tica": false}], "itens_configurados_bt": [], "dados_iniciais": {"bt": "80002", "ano": "2025", "dia": "30", "mes": "Janeiro", "rev": "01", "fone": "(38) 98827-6452", "obra": "N/A", "email": "eric.martins234@hotmail.com", "cliente": "testeunificacao", "comentario": "", "id_proposta": "66acbbe6-aebf-4654-b157-acb32d2ad757", "local_frete": "Abadia de Goi\\u00e1s/GO", "nomeCliente": "eric"}}'}
2025-01-30 11:13:44,683 - services.revision_service - INFO - Headers da requisição: {'Content-Type': 'multipart/form-data; boundary=1a1d8f4a4f11466db0f257604cda2fb3', 'Accept': 'application/json'}
2025-01-30 11:13:46,735 - services.revision_service - INFO - Status code da resposta: 403
2025-01-30 11:13:46,736 - services.revision_service - INFO - Headers da resposta: {'Date': 'Thu, 30 Jan 2025 14:13:46 GMT', 'Server': 'WSGIServer/0.2 CPython/3.12.0', 'Content-Type': 'text/html; charset=utf-8', 'X-Frame-Options': 'DENY', 'Content-Length': '2901', 'Vary': 'Cookie, origin', 'X-Content-Type-Options': 'nosniff', 'Referrer-Policy': 'same-origin', 'Cross-Origin-Opener-Policy': 'same-origin'}
2025-01-30 11:13:46,737 - services.revision_service - INFO - Conteúdo da resposta: <!DOCTYPE html>
<html lang="en">
<head>
  <meta http-equiv="content-type" content="text/html; charset=utf-8">
  <meta name="robots" content="NONE,NOARCHIVE">
  <title>403 Forbidden</title>
  <style>
    html * { padding:0; margin:0; }
    body * { padding:10px 20px; }
    body * * { padding:0; }
    body { font-family: sans-serif; background:#eee; color:#000; }
    body>div { border-bottom:1px solid #ddd; }
    h1 { font-weight:normal; margin-bottom:.4em; }
    h1 span { font-size:60%; color:#666; font-weight:normal; }
    #info { background:#f6f6f6; }
    #info ul { margin: 0.5em 4em; }
    #info p, #summary p { padding-top:10px; }
    #summary { background: #ffc; }
    #explanation { background:#eee; border-bottom: 0px none; }
  </style>
</head>
<body>
<div id="summary">
  <h1>Proibido <span>(403)</span></h1>
  <p>Verificação CSRF falhou. Pedido cancelado.</p>


  <p>Você está vendo esta mensagem, porque este site requer um cookie CSRF no envio de formulários. Este cookie é necessário por razões de segurança, para garantir que o seu browser não está sendo sequestrado por terceiros.</p>
  <p>Se você configurou seu browser para desabilitar cookies, por favor reabilite-os, ao menos para este site ou para requisições do tipo &quot;same-origin&quot;.</p>

</div>

<div id="info">
  <h2>Help</h2>
    
    <p>Reason given for failure:</p>
    <pre>
    CSRF cookie not set.
    </pre>
    

  <p>In general, this can occur when there is a genuine Cross Site Request Forgery, or when
  <a
  href="https://docs.djangoproject.com/en/5.1/ref/csrf/">Django’s
  CSRF mechanism</a> has not been used correctly.  For POST forms, you need to
  ensure:</p>

  <ul>
    <li>Your browser is accepting cookies.</li>

    <li>The view function passes a <code>request</code> to the template’s <a
    href="https://docs.djangoproject.com/en/5.1/topics/templates/#django.template.backends.base.Template.render"><code>render</code></a>
    method.</li>

    <li>In the template, there is a <code>{% csrf_token
    %}</code> template tag inside each POST form that
    targets an internal URL.</li>

    <li>If you are not using <code>CsrfViewMiddleware</code>, then you must use
    <code>csrf_protect</code> on any views that use the <code>csrf_token</code>
    template tag, as well as those that accept the POST data.</li>

    <li>The form has a valid CSRF token. After logging in in another browser
    tab or hitting the back button after a login, you may need to reload the
    page with the form, because the token is rotated after a login.</li>
  </ul>

  <p>You’re seeing the help section of this page because you have <code>DEBUG =
  True</code> in your Django settings file. Change that to <code>False</code>,
  and only the initial error message will be displayed.  </p>

  <p>You can customize this page using the CSRF_FAILURE_VIEW setting.</p>
</div>

</body>
</html>

2025-01-30 11:13:46,745 - services.revision_service - ERROR - Erro ao criar revisão via API: 403 Client Error: Forbidden for url: http://localhost:8000/api/revisoes/criar/
2025-01-30 11:14:49,066 - googlemaps.client - INFO - API queries_quota: 60
2025-01-30 11:14:51,972 - services.revision_service - INFO - 
        Iniciando inserção de revisão via API:
        - ID Proposta: 66acbbe6-aebf-4654-b157-acb32d2ad757
        - Valor: 0
        - Número Revisão: 1
        - Escopo: 1,500 MVA
        
2025-01-30 11:14:51,974 - services.revision_service - INFO - Dados do formulário: {'id_proposta': '66acbbe6-aebf-4654-b157-acb32d2ad757', 'revisao': '1', 'valor': '0', 'escopo': '1,500 MVA', 'tipo': '', 'conteudo': '{"configuracoes_itens": {}, "impostos": {"lucro": 5.0, "icms": 12.0, "frete": 0.0, "comissao": 5.0, "contribuinte_icms": "Sim", "difal": 0.0, "f_pobreza": 0.0, "tipo_frete": "CIF", "local_entrega": "S\\u00e3o Paulo/SP"}, "itens_configurados_mt": [{"ID": null, "IP": "00", "Rele": "Nenhum", "Taps": null, "preco": 88304.41742770435, "Perdas": "1,0 %", "Ensaios": {"Flange": 0, "Elev. Temperat.": false, "N\\u00edvel de Ru\\u00eddo": false}, "Fator K": 1, "Produto": "", "p_caixa": 0.0, "p_trafo": 0.0, "Conector": "Nenhum", "Material": null, "cod_proj": null, "Pot\\u00eancia": 1500.0, "cod_caixa": null, "Quantidade": 1, "acessorios": [], "Descri\\u00e7\\u00e3o": "Transformador Trif\\u00e1sico 1500 kVA,36 kV,perdas 1,0 %", "Deriva\\u00e7\\u00f5es": "+/- 2x2,5%", "Pre\\u00e7o Total": 181687.0, "taps_tensoes": null, "classe_tensao": "36 kV", "valor_ip_alto": 13456.6916899853, "cod_proj_caixa": "0013.0643.000", "cod_proj_custo": "6000.0534/00", "valor_ip_baixo": 3448.3558421005037, "Frequencia 50Hz": false, "Sensor PT - 100": 0, "Pre\\u00e7o Unit\\u00e1rio": 181687.0, "Tens\\u00e3o Prim\\u00e1ria": "34,5", "Tens\\u00e3o Secund\\u00e1ria": "380", "Blindagem Eletrost\\u00e1tica": false}], "itens_configurados_bt": [], "dados_iniciais": {"bt": "80002", "ano": "2025", "dia": "30", "mes": "Janeiro", "rev": "01", "fone": "(38) 98827-6452", "obra": "N/A", "email": "eric.martins234@hotmail.com", "cliente": "testeunificacao", "comentario": "", "id_proposta": "66acbbe6-aebf-4654-b157-acb32d2ad757", "local_frete": "Abadia de Goi\\u00e1s/GO", "nomeCliente": "eric"}}'}
2025-01-30 11:14:51,976 - services.revision_service - INFO - Headers da requisição: {'Content-Type': 'multipart/form-data; boundary=8993fe35952b40419072f697ab2d3412', 'Accept': 'application/json'}
2025-01-30 11:14:54,034 - services.revision_service - INFO - Status code da resposta: 403
2025-01-30 11:14:54,035 - services.revision_service - INFO - Headers da resposta: {'Date': 'Thu, 30 Jan 2025 14:14:54 GMT', 'Server': 'WSGIServer/0.2 CPython/3.12.0', 'Content-Type': 'application/json', 'Vary': 'Accept, Cookie, origin', 'Allow': 'POST, OPTIONS', 'X-Frame-Options': 'DENY', 'Content-Length': '68', 'X-Content-Type-Options': 'nosniff', 'Referrer-Policy': 'same-origin', 'Cross-Origin-Opener-Policy': 'same-origin'}
2025-01-30 11:14:54,035 - services.revision_service - INFO - Conteúdo da resposta: {"detail":"As credenciais de autenticação não foram fornecidas."}
2025-01-30 11:14:54,035 - services.revision_service - ERROR - Erro ao criar revisão via API: 403 Client Error: Forbidden for url: http://localhost:8000/api/streamlit/inserir_revisao/
2025-01-30 11:23:52,448 - googlemaps.client - INFO - API queries_quota: 60
2025-01-30 11:44:21,546 - services.revision_service - INFO - 
        Iniciando inserção de revisão via API:
        - ID Proposta: 66acbbe6-aebf-4654-b157-acb32d2ad757
        - Valor: 0
        - Número Revisão: 1
        - Escopo: 1,500 MVA
        
2025-01-30 11:44:21,548 - services.revision_service - INFO - Dados do formulário: {'id_proposta': '66acbbe6-aebf-4654-b157-acb32d2ad757', 'revisao': '1', 'valor': '0', 'escopo': '1,500 MVA', 'tipo': '', 'conteudo': '{"configuracoes_itens": {}, "impostos": {"lucro": 5.0, "icms": 12.0, "frete": 0.0, "comissao": 5.0, "contribuinte_icms": "Sim", "difal": 0.0, "f_pobreza": 0.0, "tipo_frete": "CIF", "local_entrega": "S\\u00e3o Paulo/SP"}, "itens_configurados_mt": [{"ID": null, "IP": "00", "Rele": "Nenhum", "Taps": null, "preco": 88304.41742770435, "Perdas": "1,0 %", "Ensaios": {"Flange": 0, "Elev. Temperat.": false, "N\\u00edvel de Ru\\u00eddo": false}, "Fator K": 1, "Produto": "", "p_caixa": 0.0, "p_trafo": 0.0, "Conector": "Nenhum", "Material": null, "cod_proj": null, "Pot\\u00eancia": 1500.0, "cod_caixa": null, "Quantidade": 1, "acessorios": [], "Descri\\u00e7\\u00e3o": "Transformador Trif\\u00e1sico 1500 kVA,36 kV,perdas 1,0 %", "Deriva\\u00e7\\u00f5es": "+/- 2x2,5%", "Pre\\u00e7o Total": 181687.0, "taps_tensoes": null, "classe_tensao": "36 kV", "valor_ip_alto": 13456.6916899853, "cod_proj_caixa": "0013.0643.000", "cod_proj_custo": "6000.0534/00", "valor_ip_baixo": 3448.3558421005037, "Frequencia 50Hz": false, "Sensor PT - 100": 0, "Pre\\u00e7o Unit\\u00e1rio": 181687.0, "Tens\\u00e3o Prim\\u00e1ria": "34,5", "Tens\\u00e3o Secund\\u00e1ria": "380", "Blindagem Eletrost\\u00e1tica": false}], "itens_configurados_bt": [], "dados_iniciais": {"bt": "80002", "ano": "2025", "dia": "30", "mes": "Janeiro", "rev": "01", "fone": "(38) 98827-6452", "obra": "N/A", "email": "eric.martins234@hotmail.com", "cliente": "testeunificacao", "comentario": "", "id_proposta": "66acbbe6-aebf-4654-b157-acb32d2ad757", "local_frete": "Abadia de Goi\\u00e1s/GO", "nomeCliente": "eric"}, "token": ""}'}
2025-01-30 11:44:21,548 - services.revision_service - INFO - Headers da requisição: {'Content-Type': 'multipart/form-data; boundary=eadc9e9872ce488e8ac5fffdfd381ae4', 'Accept': 'application/json', 'Authorization': 'Token '}
2025-01-30 11:44:23,594 - services.revision_service - INFO - Status code da resposta: 403
2025-01-30 11:44:23,594 - services.revision_service - INFO - Headers da resposta: {'Date': 'Thu, 30 Jan 2025 14:44:23 GMT', 'Server': 'WSGIServer/0.2 CPython/3.12.0', 'Content-Type': 'application/json', 'Vary': 'Accept, Cookie, origin', 'Allow': 'POST, OPTIONS', 'X-Frame-Options': 'DENY', 'Content-Length': '68', 'X-Content-Type-Options': 'nosniff', 'Referrer-Policy': 'same-origin', 'Cross-Origin-Opener-Policy': 'same-origin'}
2025-01-30 11:44:23,595 - services.revision_service - INFO - Conteúdo da resposta: {"detail":"As credenciais de autenticação não foram fornecidas."}
2025-01-30 11:44:23,595 - services.revision_service - ERROR - Erro ao criar revisão via API: 403 Client Error: Forbidden for url: http://localhost:8000/api/streamlit/inserir_revisao/
2025-01-30 11:47:35,775 - services.revision_service - INFO - 
        Iniciando inserção de revisão via API:
        - ID Proposta: 66acbbe6-aebf-4654-b157-acb32d2ad757
        - Valor: 0
        - Número Revisão: 1
        - Escopo: 1,500 MVA
        
2025-01-30 11:47:35,779 - services.revision_service - INFO - Dados do formulário: {'id_proposta': '66acbbe6-aebf-4654-b157-acb32d2ad757', 'revisao': '1', 'valor': '0', 'escopo': '1,500 MVA', 'tipo': '', 'conteudo': '{"configuracoes_itens": {}, "impostos": {"lucro": 5.0, "icms": 12.0, "frete": 0.0, "comissao": 5.0, "contribuinte_icms": "Sim", "difal": 0.0, "f_pobreza": 0.0, "tipo_frete": "CIF", "local_entrega": "S\\u00e3o Paulo/SP"}, "itens_configurados_mt": [{"ID": null, "IP": "00", "Rele": "Nenhum", "Taps": null, "preco": 88304.41742770435, "Perdas": "1,0 %", "Ensaios": {"Flange": 0, "Elev. Temperat.": false, "N\\u00edvel de Ru\\u00eddo": false}, "Fator K": 1, "Produto": "", "p_caixa": 0.0, "p_trafo": 0.0, "Conector": "Nenhum", "Material": null, "cod_proj": null, "Pot\\u00eancia": 1500.0, "cod_caixa": null, "Quantidade": 1, "acessorios": [], "Descri\\u00e7\\u00e3o": "Transformador Trif\\u00e1sico 1500 kVA,36 kV,perdas 1,0 %", "Deriva\\u00e7\\u00f5es": "+/- 2x2,5%", "Pre\\u00e7o Total": 181687.0, "taps_tensoes": null, "classe_tensao": "36 kV", "valor_ip_alto": 13456.6916899853, "cod_proj_caixa": "0013.0643.000", "cod_proj_custo": "6000.0534/00", "valor_ip_baixo": 3448.3558421005037, "Frequencia 50Hz": false, "Sensor PT - 100": 0, "Pre\\u00e7o Unit\\u00e1rio": 181687.0, "Tens\\u00e3o Prim\\u00e1ria": "34,5", "Tens\\u00e3o Secund\\u00e1ria": "380", "Blindagem Eletrost\\u00e1tica": false}], "itens_configurados_bt": [], "dados_iniciais": {"bt": "80002", "ano": "2025", "dia": "30", "mes": "Janeiro", "rev": "01", "fone": "(38) 98827-6452", "obra": "N/A", "email": "eric.martins234@hotmail.com", "cliente": "testeunificacao", "comentario": "", "id_proposta": "66acbbe6-aebf-4654-b157-acb32d2ad757", "local_frete": "Abadia de Goi\\u00e1s/GO", "nomeCliente": "eric"}, "token": "eyJhbGciOiJIUzI1NiIsInR5cCI6IkpXVCJ9.eyJ1c2VyX2lkIjoiMyIsInVzZXJuYW1lIjoicHJvY2Vzc29zQGJsdXRyYWZvcy5jb20uYnIiLCJleHAiOjE3MzgzMjM4MjV9.IQ6XFd75aopcUMg2hB4M654aDRi_mBnPXSNWX8SguG0"}'}
2025-01-30 11:47:35,780 - services.revision_service - INFO - Headers da requisição: {'Content-Type': 'multipart/form-data; boundary=3bbde93b14c3427bac52d01c0afa600d', 'Accept': 'application/json', 'Authorization': 'Token eyJhbGciOiJIUzI1NiIsInR5cCI6IkpXVCJ9.eyJ1c2VyX2lkIjoiMyIsInVzZXJuYW1lIjoicHJvY2Vzc29zQGJsdXRyYWZvcy5jb20uYnIiLCJleHAiOjE3MzgzMjM4MjV9.IQ6XFd75aopcUMg2hB4M654aDRi_mBnPXSNWX8SguG0'}
2025-01-30 11:47:37,816 - services.revision_service - INFO - Status code da resposta: 403
2025-01-30 11:47:37,816 - services.revision_service - INFO - Headers da resposta: {'Date': 'Thu, 30 Jan 2025 14:47:37 GMT', 'Server': 'WSGIServer/0.2 CPython/3.12.0', 'Content-Type': 'application/json', 'Vary': 'Accept, Cookie, origin', 'Allow': 'POST, OPTIONS', 'X-Frame-Options': 'DENY', 'Content-Length': '68', 'X-Content-Type-Options': 'nosniff', 'Referrer-Policy': 'same-origin', 'Cross-Origin-Opener-Policy': 'same-origin'}
2025-01-30 11:47:37,816 - services.revision_service - INFO - Conteúdo da resposta: {"detail":"As credenciais de autenticação não foram fornecidas."}
2025-01-30 11:47:37,821 - services.revision_service - ERROR - Erro ao criar revisão via API: 403 Client Error: Forbidden for url: http://localhost:8000/api/streamlit/inserir_revisao/
2025-01-30 11:50:31,876 - googlemaps.client - INFO - API queries_quota: 60
2025-01-30 11:50:39,655 - services.revision_service - INFO - 
        Iniciando inserção de revisão via API:
        - ID Proposta: 66acbbe6-aebf-4654-b157-acb32d2ad757
        - Valor: 0
        - Número Revisão: 1
        - Escopo: 1,500 MVA
        
2025-01-30 11:50:39,658 - services.revision_service - INFO - Dados do formulário: {'id_proposta': '66acbbe6-aebf-4654-b157-acb32d2ad757', 'revisao': '1', 'valor': '0', 'escopo': '1,500 MVA', 'tipo': '', 'conteudo': '{"configuracoes_itens": {}, "impostos": {"lucro": 5.0, "icms": 12.0, "frete": 0.0, "comissao": 5.0, "contribuinte_icms": "Sim", "difal": 0.0, "f_pobreza": 0.0, "tipo_frete": "CIF", "local_entrega": "S\\u00e3o Paulo/SP"}, "itens_configurados_mt": [{"ID": null, "IP": "00", "Rele": "Nenhum", "Taps": null, "preco": 88304.41742770435, "Perdas": "1,0 %", "Ensaios": {"Flange": 0, "Elev. Temperat.": false, "N\\u00edvel de Ru\\u00eddo": false}, "Fator K": 1, "Produto": "", "p_caixa": 0.0, "p_trafo": 0.0, "Conector": "Nenhum", "Material": null, "cod_proj": null, "Pot\\u00eancia": 1500.0, "cod_caixa": null, "Quantidade": 1, "acessorios": [], "Descri\\u00e7\\u00e3o": "Transformador Trif\\u00e1sico 1500 kVA,36 kV,perdas 1,0 %", "Deriva\\u00e7\\u00f5es": "+/- 2x2,5%", "Pre\\u00e7o Total": 181687.0, "taps_tensoes": null, "classe_tensao": "36 kV", "valor_ip_alto": 13456.6916899853, "cod_proj_caixa": "0013.0643.000", "cod_proj_custo": "6000.0534/00", "valor_ip_baixo": 3448.3558421005037, "Frequencia 50Hz": false, "Sensor PT - 100": 0, "Pre\\u00e7o Unit\\u00e1rio": 181687.0, "Tens\\u00e3o Prim\\u00e1ria": "34,5", "Tens\\u00e3o Secund\\u00e1ria": "380", "Blindagem Eletrost\\u00e1tica": false}], "itens_configurados_bt": [], "dados_iniciais": {"bt": "80002", "ano": "2025", "dia": "30", "mes": "Janeiro", "rev": "01", "fone": "(38) 98827-6452", "obra": "N/A", "email": "eric.martins234@hotmail.com", "cliente": "testeunificacao", "comentario": "", "id_proposta": "66acbbe6-aebf-4654-b157-acb32d2ad757", "local_frete": "Abadia de Goi\\u00e1s/GO", "nomeCliente": "eric"}, "token": "eyJhbGciOiJIUzI1NiIsInR5cCI6IkpXVCJ9.eyJ1c2VyX2lkIjoiMyIsInVzZXJuYW1lIjoicHJvY2Vzc29zQGJsdXRyYWZvcy5jb20uYnIiLCJleHAiOjE3MzgzMjM4MjV9.IQ6XFd75aopcUMg2hB4M654aDRi_mBnPXSNWX8SguG0"}'}
2025-01-30 11:50:39,659 - services.revision_service - INFO - Headers da requisição: {'Content-Type': 'multipart/form-data; boundary=97d4f268c55e4608a199b1250c2a9f82', 'Accept': 'application/json', 'Authorization': 'Bearer eyJhbGciOiJIUzI1NiIsInR5cCI6IkpXVCJ9.eyJ1c2VyX2lkIjoiMyIsInVzZXJuYW1lIjoicHJvY2Vzc29zQGJsdXRyYWZvcy5jb20uYnIiLCJleHAiOjE3MzgzMjM4MjV9.IQ6XFd75aopcUMg2hB4M654aDRi_mBnPXSNWX8SguG0'}
2025-01-30 11:50:41,694 - services.revision_service - INFO - Status code da resposta: 403
2025-01-30 11:50:41,694 - services.revision_service - INFO - Headers da resposta: {'Date': 'Thu, 30 Jan 2025 14:50:41 GMT', 'Server': 'WSGIServer/0.2 CPython/3.12.0', 'Content-Type': 'application/json', 'Vary': 'Accept, Cookie, origin', 'Allow': 'POST, OPTIONS', 'X-Frame-Options': 'DENY', 'Content-Length': '68', 'X-Content-Type-Options': 'nosniff', 'Referrer-Policy': 'same-origin', 'Cross-Origin-Opener-Policy': 'same-origin'}
2025-01-30 11:50:41,695 - services.revision_service - INFO - Conteúdo da resposta: {"detail":"As credenciais de autenticação não foram fornecidas."}
2025-01-30 11:50:41,695 - services.revision_service - ERROR - Erro ao criar revisão via API: 403 Client Error: Forbidden for url: http://localhost:8000/api/streamlit/inserir_revisao/
